{"/Users/soumil_maitra/Desktop/evaluations/evaluation-2/database/models/company.js": {"path":"/Users/soumil_maitra/Desktop/evaluations/evaluation-2/database/models/company.js","statementMap":{"0":{"start":{"line":4,"column":4},"end":{"line":4,"column":24}},"1":{"start":{"line":5,"column":0},"end":{"line":27,"column":2}},"2":{"start":{"line":16,"column":2},"end":{"line":25,"column":5}},"3":{"start":{"line":26,"column":2},"end":{"line":26,"column":17}}},"fnMap":{"0":{"name":"(anonymous_0)","decl":{"start":{"line":5,"column":17},"end":{"line":5,"column":18}},"loc":{"start":{"line":5,"column":43},"end":{"line":27,"column":1}},"line":5},"1":{"name":"(anonymous_1)","decl":{"start":{"line":12,"column":4},"end":{"line":12,"column":5}},"loc":{"start":{"line":12,"column":29},"end":{"line":14,"column":5}},"line":12}},"branchMap":{},"s":{"0":2,"1":2,"2":2,"3":2},"f":{"0":2,"1":2},"b":{},"_coverageSchema":"1a1c01bbd47fc00a2c39e90264f33305004495a9","hash":"b74aeacefdaffb67098b820da68d6f067af10017"}
,"/Users/soumil_maitra/Desktop/evaluations/evaluation-2/database/models/index.js": {"path":"/Users/soumil_maitra/Desktop/evaluations/evaluation-2/database/models/index.js","statementMap":{"0":{"start":{"line":3,"column":11},"end":{"line":3,"column":24}},"1":{"start":{"line":4,"column":13},"end":{"line":4,"column":28}},"2":{"start":{"line":5,"column":18},"end":{"line":5,"column":38}},"3":{"start":{"line":6,"column":16},"end":{"line":6,"column":34}},"4":{"start":{"line":7,"column":17},"end":{"line":7,"column":42}},"5":{"start":{"line":8,"column":12},"end":{"line":8,"column":49}},"6":{"start":{"line":9,"column":15},"end":{"line":9,"column":65}},"7":{"start":{"line":10,"column":11},"end":{"line":10,"column":13}},"8":{"start":{"line":13,"column":0},"end":{"line":17,"column":1}},"9":{"start":{"line":14,"column":2},"end":{"line":14,"column":74}},"10":{"start":{"line":16,"column":2},"end":{"line":16,"column":87}},"11":{"start":{"line":19,"column":0},"end":{"line":32,"column":5}},"12":{"start":{"line":22,"column":4},"end":{"line":27,"column":6}},"13":{"start":{"line":30,"column":18},"end":{"line":30,"column":85}},"14":{"start":{"line":31,"column":4},"end":{"line":31,"column":27}},"15":{"start":{"line":34,"column":0},"end":{"line":38,"column":3}},"16":{"start":{"line":35,"column":2},"end":{"line":37,"column":3}},"17":{"start":{"line":36,"column":4},"end":{"line":36,"column":32}},"18":{"start":{"line":40,"column":0},"end":{"line":40,"column":25}},"19":{"start":{"line":41,"column":0},"end":{"line":41,"column":25}},"20":{"start":{"line":43,"column":0},"end":{"line":43,"column":20}}},"fnMap":{"0":{"name":"(anonymous_0)","decl":{"start":{"line":21,"column":10},"end":{"line":21,"column":11}},"loc":{"start":{"line":21,"column":18},"end":{"line":28,"column":3}},"line":21},"1":{"name":"(anonymous_1)","decl":{"start":{"line":29,"column":11},"end":{"line":29,"column":12}},"loc":{"start":{"line":29,"column":19},"end":{"line":32,"column":3}},"line":29},"2":{"name":"(anonymous_2)","decl":{"start":{"line":34,"column":24},"end":{"line":34,"column":25}},"loc":{"start":{"line":34,"column":37},"end":{"line":38,"column":1}},"line":34}},"branchMap":{"0":{"loc":{"start":{"line":8,"column":12},"end":{"line":8,"column":49}},"type":"binary-expr","locations":[{"start":{"line":8,"column":12},"end":{"line":8,"column":32}},{"start":{"line":8,"column":36},"end":{"line":8,"column":49}}],"line":8},"1":{"loc":{"start":{"line":13,"column":0},"end":{"line":17,"column":1}},"type":"if","locations":[{"start":{"line":13,"column":0},"end":{"line":17,"column":1}},{"start":{"line":15,"column":7},"end":{"line":17,"column":1}}],"line":13},"2":{"loc":{"start":{"line":23,"column":6},"end":{"line":26,"column":37}},"type":"binary-expr","locations":[{"start":{"line":23,"column":6},"end":{"line":23,"column":29}},{"start":{"line":24,"column":6},"end":{"line":24,"column":23}},{"start":{"line":25,"column":6},"end":{"line":25,"column":30}},{"start":{"line":26,"column":6},"end":{"line":26,"column":37}}],"line":23},"3":{"loc":{"start":{"line":35,"column":2},"end":{"line":37,"column":3}},"type":"if","locations":[{"start":{"line":35,"column":2},"end":{"line":37,"column":3}},{"start":{},"end":{}}],"line":35}},"s":{"0":2,"1":2,"2":2,"3":2,"4":2,"5":2,"6":2,"7":2,"8":2,"9":0,"10":2,"11":2,"12":4,"13":2,"14":2,"15":2,"16":2,"17":2,"18":2,"19":2,"20":2},"f":{"0":4,"1":2,"2":2},"b":{"0":[2,0],"1":[0,2],"2":[4,4,2,2],"3":[2,0]},"_coverageSchema":"1a1c01bbd47fc00a2c39e90264f33305004495a9","hash":"0c0c79031df38c76a93f3ec76a9c185f5ee8017a"}
,"/Users/soumil_maitra/Desktop/evaluations/evaluation-2/src/controllers/company.js": {"path":"/Users/soumil_maitra/Desktop/evaluations/evaluation-2/src/controllers/company.js","statementMap":{"0":{"start":{"line":1,"column":23},"end":{"line":1,"column":53}},"1":{"start":{"line":3,"column":19},"end":{"line":11,"column":1}},"2":{"start":{"line":4,"column":2},"end":{"line":10,"column":3}},"3":{"start":{"line":5,"column":20},"end":{"line":5,"column":65}},"4":{"start":{"line":6,"column":4},"end":{"line":6,"column":51}},"5":{"start":{"line":6,"column":20},"end":{"line":6,"column":49}},"6":{"start":{"line":7,"column":4},"end":{"line":7,"column":34}},"7":{"start":{"line":9,"column":4},"end":{"line":9,"column":38}},"8":{"start":{"line":13,"column":23},"end":{"line":21,"column":1}},"9":{"start":{"line":14,"column":2},"end":{"line":20,"column":3}},"10":{"start":{"line":15,"column":16},"end":{"line":15,"column":61}},"11":{"start":{"line":16,"column":4},"end":{"line":16,"column":43}},"12":{"start":{"line":16,"column":16},"end":{"line":16,"column":41}},"13":{"start":{"line":17,"column":4},"end":{"line":17,"column":18}},"14":{"start":{"line":19,"column":4},"end":{"line":19,"column":22}},"15":{"start":{"line":23,"column":30},"end":{"line":27,"column":1}},"16":{"start":{"line":24,"column":14},"end":{"line":24,"column":48}},"17":{"start":{"line":26,"column":2},"end":{"line":26,"column":28}},"18":{"start":{"line":29,"column":26},"end":{"line":37,"column":1}},"19":{"start":{"line":30,"column":2},"end":{"line":36,"column":3}},"20":{"start":{"line":31,"column":20},"end":{"line":31,"column":75}},"21":{"start":{"line":32,"column":4},"end":{"line":32,"column":83}},"22":{"start":{"line":32,"column":32},"end":{"line":32,"column":81}},"23":{"start":{"line":33,"column":4},"end":{"line":33,"column":34}},"24":{"start":{"line":35,"column":4},"end":{"line":35,"column":36}},"25":{"start":{"line":39,"column":18},"end":{"line":47,"column":1}},"26":{"start":{"line":40,"column":2},"end":{"line":46,"column":3}},"27":{"start":{"line":41,"column":24},"end":{"line":41,"column":71}},"28":{"start":{"line":42,"column":4},"end":{"line":42,"column":61}},"29":{"start":{"line":42,"column":24},"end":{"line":42,"column":59}},"30":{"start":{"line":43,"column":4},"end":{"line":43,"column":36}},"31":{"start":{"line":45,"column":4},"end":{"line":45,"column":36}},"32":{"start":{"line":49,"column":0},"end":{"line":51,"column":2}}},"fnMap":{"0":{"name":"(anonymous_0)","decl":{"start":{"line":3,"column":19},"end":{"line":3,"column":20}},"loc":{"start":{"line":3,"column":39},"end":{"line":11,"column":1}},"line":3},"1":{"name":"(anonymous_1)","decl":{"start":{"line":13,"column":23},"end":{"line":13,"column":24}},"loc":{"start":{"line":13,"column":43},"end":{"line":21,"column":1}},"line":13},"2":{"name":"(anonymous_2)","decl":{"start":{"line":23,"column":30},"end":{"line":23,"column":31}},"loc":{"start":{"line":23,"column":50},"end":{"line":27,"column":1}},"line":23},"3":{"name":"(anonymous_3)","decl":{"start":{"line":29,"column":26},"end":{"line":29,"column":27}},"loc":{"start":{"line":29,"column":46},"end":{"line":37,"column":1}},"line":29},"4":{"name":"(anonymous_4)","decl":{"start":{"line":39,"column":18},"end":{"line":39,"column":19}},"loc":{"start":{"line":39,"column":38},"end":{"line":47,"column":1}},"line":39}},"branchMap":{"0":{"loc":{"start":{"line":6,"column":4},"end":{"line":6,"column":51}},"type":"if","locations":[{"start":{"line":6,"column":4},"end":{"line":6,"column":51}},{"start":{},"end":{}}],"line":6},"1":{"loc":{"start":{"line":16,"column":4},"end":{"line":16,"column":43}},"type":"if","locations":[{"start":{"line":16,"column":4},"end":{"line":16,"column":43}},{"start":{},"end":{}}],"line":16},"2":{"loc":{"start":{"line":32,"column":4},"end":{"line":32,"column":83}},"type":"if","locations":[{"start":{"line":32,"column":4},"end":{"line":32,"column":83}},{"start":{},"end":{}}],"line":32},"3":{"loc":{"start":{"line":42,"column":4},"end":{"line":42,"column":61}},"type":"if","locations":[{"start":{"line":42,"column":4},"end":{"line":42,"column":61}},{"start":{},"end":{}}],"line":42}},"s":{"0":1,"1":1,"2":2,"3":2,"4":2,"5":1,"6":1,"7":1,"8":1,"9":2,"10":2,"11":2,"12":1,"13":1,"14":1,"15":1,"16":1,"17":1,"18":1,"19":2,"20":2,"21":2,"22":1,"23":1,"24":1,"25":1,"26":2,"27":2,"28":2,"29":1,"30":1,"31":1,"32":1},"f":{"0":2,"1":2,"2":1,"3":2,"4":2},"b":{"0":[1,1],"1":[1,1],"2":[1,1],"3":[1,1]},"_coverageSchema":"1a1c01bbd47fc00a2c39e90264f33305004495a9","hash":"424afab75b2edd1c71b3489853c7a6ac25eae116"}
,"/Users/soumil_maitra/Desktop/evaluations/evaluation-2/src/controllers/csvExtractor.js": {"path":"/Users/soumil_maitra/Desktop/evaluations/evaluation-2/src/controllers/csvExtractor.js","statementMap":{"0":{"start":{"line":1,"column":11},"end":{"line":1,"column":24}},"1":{"start":{"line":2,"column":23},"end":{"line":2,"column":58}},"2":{"start":{"line":4,"column":25},"end":{"line":31,"column":1}},"3":{"start":{"line":5,"column":2},"end":{"line":30,"column":3}},"4":{"start":{"line":6,"column":21},"end":{"line":6,"column":66}},"5":{"start":{"line":7,"column":19},"end":{"line":7,"column":32}},"6":{"start":{"line":8,"column":18},"end":{"line":8,"column":36}},"7":{"start":{"line":9,"column":19},"end":{"line":9,"column":21}},"8":{"start":{"line":10,"column":20},"end":{"line":10,"column":39}},"9":{"start":{"line":11,"column":4},"end":{"line":20,"column":5}},"10":{"start":{"line":11,"column":21},"end":{"line":11,"column":22}},"11":{"start":{"line":12,"column":18},"end":{"line":12,"column":20}},"12":{"start":{"line":13,"column":26},"end":{"line":13,"column":49}},"13":{"start":{"line":15,"column":6},"end":{"line":17,"column":7}},"14":{"start":{"line":15,"column":24},"end":{"line":15,"column":25}},"15":{"start":{"line":16,"column":8},"end":{"line":16,"column":51}},"16":{"start":{"line":19,"column":6},"end":{"line":19,"column":23}},"17":{"start":{"line":21,"column":4},"end":{"line":25,"column":7}},"18":{"start":{"line":22,"column":6},"end":{"line":24,"column":7}},"19":{"start":{"line":23,"column":8},"end":{"line":23,"column":27}},"20":{"start":{"line":26,"column":4},"end":{"line":26,"column":40}},"21":{"start":{"line":28,"column":4},"end":{"line":28,"column":31}},"22":{"start":{"line":29,"column":4},"end":{"line":29,"column":38}},"23":{"start":{"line":33,"column":0},"end":{"line":33,"column":38}}},"fnMap":{"0":{"name":"(anonymous_0)","decl":{"start":{"line":4,"column":25},"end":{"line":4,"column":26}},"loc":{"start":{"line":4,"column":45},"end":{"line":31,"column":1}},"line":4},"1":{"name":"(anonymous_1)","decl":{"start":{"line":21,"column":120},"end":{"line":21,"column":121}},"loc":{"start":{"line":21,"column":129},"end":{"line":25,"column":5}},"line":21}},"branchMap":{"0":{"loc":{"start":{"line":22,"column":6},"end":{"line":24,"column":7}},"type":"if","locations":[{"start":{"line":22,"column":6},"end":{"line":24,"column":7}},{"start":{},"end":{}}],"line":22}},"s":{"0":1,"1":1,"2":1,"3":2,"4":2,"5":2,"6":1,"7":1,"8":1,"9":1,"10":1,"11":0,"12":0,"13":0,"14":0,"15":0,"16":0,"17":1,"18":0,"19":0,"20":1,"21":1,"22":1,"23":1},"f":{"0":2,"1":0},"b":{"0":[0,0]},"_coverageSchema":"1a1c01bbd47fc00a2c39e90264f33305004495a9","hash":"04bd46e0f185e16874ebb225078400927dc80cc7"}
,"/Users/soumil_maitra/Desktop/evaluations/evaluation-2/src/controllers/sector.js": {"path":"/Users/soumil_maitra/Desktop/evaluations/evaluation-2/src/controllers/sector.js","statementMap":{"0":{"start":{"line":1,"column":35},"end":{"line":1,"column":64}},"1":{"start":{"line":3,"column":27},"end":{"line":11,"column":1}},"2":{"start":{"line":4,"column":2},"end":{"line":10,"column":3}},"3":{"start":{"line":5,"column":20},"end":{"line":5,"column":88}},"4":{"start":{"line":6,"column":4},"end":{"line":6,"column":51}},"5":{"start":{"line":6,"column":20},"end":{"line":6,"column":49}},"6":{"start":{"line":7,"column":4},"end":{"line":7,"column":34}},"7":{"start":{"line":9,"column":4},"end":{"line":9,"column":38}},"8":{"start":{"line":13,"column":0},"end":{"line":13,"column":36}}},"fnMap":{"0":{"name":"(anonymous_0)","decl":{"start":{"line":3,"column":27},"end":{"line":3,"column":28}},"loc":{"start":{"line":3,"column":47},"end":{"line":11,"column":1}},"line":3}},"branchMap":{"0":{"loc":{"start":{"line":6,"column":4},"end":{"line":6,"column":51}},"type":"if","locations":[{"start":{"line":6,"column":4},"end":{"line":6,"column":51}},{"start":{},"end":{}}],"line":6}},"s":{"0":1,"1":1,"2":2,"3":2,"4":2,"5":1,"6":1,"7":1,"8":1},"f":{"0":2},"b":{"0":[1,1]},"_coverageSchema":"1a1c01bbd47fc00a2c39e90264f33305004495a9","hash":"b5ace2a8256b9e562fcbba55bf2290c9ca07d7d9"}
,"/Users/soumil_maitra/Desktop/evaluations/evaluation-2/src/middleware/validator.js": {"path":"/Users/soumil_maitra/Desktop/evaluations/evaluation-2/src/middleware/validator.js","statementMap":{"0":{"start":{"line":1,"column":12},"end":{"line":1,"column":26}},"1":{"start":{"line":3,"column":24},"end":{"line":7,"column":2}},"2":{"start":{"line":9,"column":28},"end":{"line":11,"column":2}},"3":{"start":{"line":13,"column":18},"end":{"line":15,"column":2}},"4":{"start":{"line":17,"column":25},"end":{"line":43,"column":1}},"5":{"start":{"line":18,"column":2},"end":{"line":42,"column":3}},"6":{"start":{"line":19,"column":22},"end":{"line":19,"column":56}},"7":{"start":{"line":20,"column":4},"end":{"line":24,"column":5}},"8":{"start":{"line":21,"column":6},"end":{"line":23,"column":9}},"9":{"start":{"line":25,"column":4},"end":{"line":25,"column":11}},"10":{"start":{"line":26,"column":9},"end":{"line":42,"column":3}},"11":{"start":{"line":27,"column":22},"end":{"line":27,"column":60}},"12":{"start":{"line":28,"column":4},"end":{"line":32,"column":5}},"13":{"start":{"line":29,"column":6},"end":{"line":31,"column":9}},"14":{"start":{"line":33,"column":4},"end":{"line":33,"column":11}},"15":{"start":{"line":35,"column":22},"end":{"line":35,"column":50}},"16":{"start":{"line":36,"column":4},"end":{"line":40,"column":5}},"17":{"start":{"line":37,"column":6},"end":{"line":39,"column":9}},"18":{"start":{"line":41,"column":4},"end":{"line":41,"column":11}},"19":{"start":{"line":45,"column":0},"end":{"line":45,"column":38}}},"fnMap":{"0":{"name":"(anonymous_0)","decl":{"start":{"line":17,"column":25},"end":{"line":17,"column":26}},"loc":{"start":{"line":17,"column":45},"end":{"line":43,"column":1}},"line":17}},"branchMap":{"0":{"loc":{"start":{"line":18,"column":2},"end":{"line":42,"column":3}},"type":"if","locations":[{"start":{"line":18,"column":2},"end":{"line":42,"column":3}},{"start":{"line":26,"column":9},"end":{"line":42,"column":3}}],"line":18},"1":{"loc":{"start":{"line":20,"column":4},"end":{"line":24,"column":5}},"type":"if","locations":[{"start":{"line":20,"column":4},"end":{"line":24,"column":5}},{"start":{},"end":{}}],"line":20},"2":{"loc":{"start":{"line":26,"column":9},"end":{"line":42,"column":3}},"type":"if","locations":[{"start":{"line":26,"column":9},"end":{"line":42,"column":3}},{"start":{"line":34,"column":9},"end":{"line":42,"column":3}}],"line":26},"3":{"loc":{"start":{"line":28,"column":4},"end":{"line":32,"column":5}},"type":"if","locations":[{"start":{"line":28,"column":4},"end":{"line":32,"column":5}},{"start":{},"end":{}}],"line":28},"4":{"loc":{"start":{"line":36,"column":4},"end":{"line":40,"column":5}},"type":"if","locations":[{"start":{"line":36,"column":4},"end":{"line":40,"column":5}},{"start":{},"end":{}}],"line":36}},"s":{"0":1,"1":1,"2":1,"3":1,"4":1,"5":3,"6":1,"7":1,"8":1,"9":0,"10":2,"11":1,"12":1,"13":1,"14":0,"15":1,"16":1,"17":1,"18":0,"19":1},"f":{"0":3},"b":{"0":[1,2],"1":[1,0],"2":[1,1],"3":[1,0],"4":[1,0]},"_coverageSchema":"1a1c01bbd47fc00a2c39e90264f33305004495a9","hash":"e8cd0b92367d6443310c1a907924bcb8625e539c"}
,"/Users/soumil_maitra/Desktop/evaluations/evaluation-2/src/services/company.js": {"path":"/Users/soumil_maitra/Desktop/evaluations/evaluation-2/src/services/company.js","statementMap":{"0":{"start":{"line":1,"column":14},"end":{"line":1,"column":30}},"1":{"start":{"line":2,"column":11},"end":{"line":2,"column":24}},"2":{"start":{"line":3,"column":11},"end":{"line":3,"column":43}},"3":{"start":{"line":5,"column":20},"end":{"line":5,"column":22}},"4":{"start":{"line":7,"column":23},"end":{"line":10,"column":1}},"5":{"start":{"line":8,"column":18},"end":{"line":8,"column":74}},"6":{"start":{"line":9,"column":2},"end":{"line":9,"column":22}},"7":{"start":{"line":12,"column":31},"end":{"line":30,"column":1}},"8":{"start":{"line":13,"column":2},"end":{"line":28,"column":5}},"9":{"start":{"line":14,"column":4},"end":{"line":27,"column":28}},"10":{"start":{"line":15,"column":18},"end":{"line":15,"column":34}},"11":{"start":{"line":16,"column":6},"end":{"line":16,"column":37}},"12":{"start":{"line":17,"column":22},"end":{"line":17,"column":24}},"13":{"start":{"line":18,"column":6},"end":{"line":26,"column":7}},"14":{"start":{"line":18,"column":23},"end":{"line":18,"column":24}},"15":{"start":{"line":19,"column":8},"end":{"line":19,"column":23}},"16":{"start":{"line":20,"column":8},"end":{"line":20,"column":70}},"17":{"start":{"line":20,"column":59},"end":{"line":20,"column":68}},"18":{"start":{"line":21,"column":30},"end":{"line":21,"column":101}},"19":{"start":{"line":22,"column":24},"end":{"line":22,"column":42}},"20":{"start":{"line":23,"column":22},"end":{"line":25,"column":10}},"21":{"start":{"line":27,"column":11},"end":{"line":27,"column":28}},"22":{"start":{"line":29,"column":2},"end":{"line":29,"column":41}},"23":{"start":{"line":32,"column":20},"end":{"line":60,"column":1}},"24":{"start":{"line":33,"column":2},"end":{"line":58,"column":5}},"25":{"start":{"line":34,"column":4},"end":{"line":57,"column":26}},"26":{"start":{"line":35,"column":18},"end":{"line":35,"column":34}},"27":{"start":{"line":36,"column":6},"end":{"line":36,"column":37}},"28":{"start":{"line":37,"column":22},"end":{"line":37,"column":24}},"29":{"start":{"line":38,"column":6},"end":{"line":56,"column":7}},"30":{"start":{"line":38,"column":23},"end":{"line":38,"column":24}},"31":{"start":{"line":39,"column":8},"end":{"line":39,"column":23}},"32":{"start":{"line":40,"column":8},"end":{"line":43,"column":9}},"33":{"start":{"line":41,"column":10},"end":{"line":41,"column":25}},"34":{"start":{"line":42,"column":10},"end":{"line":42,"column":19}},"35":{"start":{"line":44,"column":30},"end":{"line":44,"column":109}},"36":{"start":{"line":45,"column":24},"end":{"line":45,"column":42}},"37":{"start":{"line":46,"column":8},"end":{"line":46,"column":48}},"38":{"start":{"line":47,"column":8},"end":{"line":55,"column":9}},"39":{"start":{"line":49,"column":24},"end":{"line":49,"column":223}},"40":{"start":{"line":50,"column":25},"end":{"line":54,"column":12}},"41":{"start":{"line":57,"column":13},"end":{"line":57,"column":24}},"42":{"start":{"line":59,"column":2},"end":{"line":59,"column":26}},"43":{"start":{"line":62,"column":33},"end":{"line":69,"column":2}},"44":{"start":{"line":62,"column":48},"end":{"line":69,"column":2}},"45":{"start":{"line":71,"column":25},"end":{"line":75,"column":2}},"46":{"start":{"line":71,"column":40},"end":{"line":75,"column":2}},"47":{"start":{"line":77,"column":0},"end":{"line":79,"column":2}}},"fnMap":{"0":{"name":"(anonymous_0)","decl":{"start":{"line":7,"column":23},"end":{"line":7,"column":24}},"loc":{"start":{"line":7,"column":38},"end":{"line":10,"column":1}},"line":7},"1":{"name":"(anonymous_1)","decl":{"start":{"line":12,"column":31},"end":{"line":12,"column":32}},"loc":{"start":{"line":12,"column":43},"end":{"line":30,"column":1}},"line":12},"2":{"name":"(anonymous_2)","decl":{"start":{"line":13,"column":116},"end":{"line":13,"column":117}},"loc":{"start":{"line":13,"column":137},"end":{"line":28,"column":3}},"line":13},"3":{"name":"(anonymous_3)","decl":{"start":{"line":32,"column":20},"end":{"line":32,"column":21}},"loc":{"start":{"line":32,"column":32},"end":{"line":60,"column":1}},"line":32},"4":{"name":"(anonymous_4)","decl":{"start":{"line":33,"column":116},"end":{"line":33,"column":117}},"loc":{"start":{"line":33,"column":137},"end":{"line":58,"column":3}},"line":33},"5":{"name":"(anonymous_5)","decl":{"start":{"line":62,"column":33},"end":{"line":62,"column":34}},"loc":{"start":{"line":62,"column":48},"end":{"line":69,"column":2}},"line":62},"6":{"name":"(anonymous_6)","decl":{"start":{"line":71,"column":25},"end":{"line":71,"column":26}},"loc":{"start":{"line":71,"column":40},"end":{"line":75,"column":2}},"line":71}},"branchMap":{"0":{"loc":{"start":{"line":14,"column":4},"end":{"line":27,"column":28}},"type":"if","locations":[{"start":{"line":14,"column":4},"end":{"line":27,"column":28}},{"start":{"line":27,"column":11},"end":{"line":27,"column":28}}],"line":14},"1":{"loc":{"start":{"line":20,"column":8},"end":{"line":20,"column":70}},"type":"if","locations":[{"start":{"line":20,"column":8},"end":{"line":20,"column":70}},{"start":{},"end":{}}],"line":20},"2":{"loc":{"start":{"line":34,"column":4},"end":{"line":57,"column":26}},"type":"if","locations":[{"start":{"line":34,"column":4},"end":{"line":57,"column":26}},{"start":{"line":57,"column":11},"end":{"line":57,"column":26}}],"line":34},"3":{"loc":{"start":{"line":40,"column":8},"end":{"line":43,"column":9}},"type":"if","locations":[{"start":{"line":40,"column":8},"end":{"line":43,"column":9}},{"start":{},"end":{}}],"line":40}},"s":{"0":2,"1":2,"2":2,"3":2,"4":2,"5":1,"6":1,"7":2,"8":1,"9":0,"10":0,"11":0,"12":0,"13":0,"14":0,"15":0,"16":0,"17":0,"18":0,"19":0,"20":0,"21":0,"22":1,"23":2,"24":1,"25":0,"26":0,"27":0,"28":0,"29":0,"30":0,"31":0,"32":0,"33":0,"34":0,"35":0,"36":0,"37":0,"38":0,"39":0,"40":0,"41":0,"42":1,"43":2,"44":1,"45":2,"46":1,"47":2},"f":{"0":1,"1":1,"2":0,"3":1,"4":0,"5":1,"6":1},"b":{"0":[0,0],"1":[0,0],"2":[0,0],"3":[0,0]},"_coverageSchema":"1a1c01bbd47fc00a2c39e90264f33305004495a9","hash":"8fc2e201581cf2cbd572a20066bcbbfc2966b8c0"}
,"/Users/soumil_maitra/Desktop/evaluations/evaluation-2/src/services/csvExtractor.js": {"path":"/Users/soumil_maitra/Desktop/evaluations/evaluation-2/src/services/csvExtractor.js","statementMap":{"0":{"start":{"line":1,"column":14},"end":{"line":1,"column":30}},"1":{"start":{"line":3,"column":23},"end":{"line":6,"column":1}},"2":{"start":{"line":4,"column":19},"end":{"line":4,"column":73}},"3":{"start":{"line":5,"column":2},"end":{"line":5,"column":18}},"4":{"start":{"line":8,"column":0},"end":{"line":8,"column":36}}},"fnMap":{"0":{"name":"(anonymous_0)","decl":{"start":{"line":3,"column":23},"end":{"line":3,"column":24}},"loc":{"start":{"line":3,"column":38},"end":{"line":6,"column":1}},"line":3}},"branchMap":{},"s":{"0":2,"1":2,"2":1,"3":1,"4":2},"f":{"0":1},"b":{},"_coverageSchema":"1a1c01bbd47fc00a2c39e90264f33305004495a9","hash":"5336a0208b7e46b572d59ffef52aaca174367d8e"}
,"/Users/soumil_maitra/Desktop/evaluations/evaluation-2/src/services/sector.js": {"path":"/Users/soumil_maitra/Desktop/evaluations/evaluation-2/src/services/sector.js","statementMap":{"0":{"start":{"line":1,"column":14},"end":{"line":1,"column":30}},"1":{"start":{"line":3,"column":34},"end":{"line":7,"column":1}},"2":{"start":{"line":4,"column":18},"end":{"line":4,"column":82}},"3":{"start":{"line":5,"column":2},"end":{"line":5,"column":28}},"4":{"start":{"line":6,"column":2},"end":{"line":6,"column":22}},"5":{"start":{"line":9,"column":0},"end":{"line":9,"column":47}}},"fnMap":{"0":{"name":"(anonymous_0)","decl":{"start":{"line":3,"column":34},"end":{"line":3,"column":35}},"loc":{"start":{"line":3,"column":49},"end":{"line":7,"column":1}},"line":3}},"branchMap":{},"s":{"0":2,"1":2,"2":1,"3":1,"4":1,"5":2},"f":{"0":1},"b":{},"_coverageSchema":"1a1c01bbd47fc00a2c39e90264f33305004495a9","hash":"e7b1239d845a36fd9e2a3ca476be725ee709b85d"}
}
