TN:
SF:database/models/company.js
FN:5,(anonymous_0)
FN:12,(anonymous_1)
FNF:2
FNH:2
FNDA:2,(anonymous_0)
FNDA:2,(anonymous_1)
DA:4,2
DA:5,2
DA:16,2
DA:26,2
LF:4
LH:4
BRF:0
BRH:0
end_of_record
TN:
SF:database/models/index.js
FN:21,(anonymous_0)
FN:29,(anonymous_1)
FN:34,(anonymous_2)
FNF:3
FNH:3
FNDA:4,(anonymous_0)
FNDA:2,(anonymous_1)
FNDA:2,(anonymous_2)
DA:3,2
DA:4,2
DA:5,2
DA:6,2
DA:7,2
DA:8,2
DA:9,2
DA:10,2
DA:13,2
DA:14,0
DA:16,2
DA:19,2
DA:22,4
DA:30,2
DA:31,2
DA:34,2
DA:35,2
DA:36,2
DA:40,2
DA:41,2
DA:43,2
LF:21
LH:20
BRDA:8,0,0,2
BRDA:8,0,1,0
BRDA:13,1,0,0
BRDA:13,1,1,2
BRDA:23,2,0,4
BRDA:23,2,1,4
BRDA:23,2,2,2
BRDA:23,2,3,2
BRDA:35,3,0,2
BRDA:35,3,1,0
BRF:10
BRH:7
end_of_record
TN:
SF:src/controllers/company.js
FN:3,(anonymous_0)
FN:13,(anonymous_1)
FN:23,(anonymous_2)
FN:29,(anonymous_3)
FN:39,(anonymous_4)
FNF:5
FNH:5
FNDA:2,(anonymous_0)
FNDA:2,(anonymous_1)
FNDA:1,(anonymous_2)
FNDA:2,(anonymous_3)
FNDA:2,(anonymous_4)
DA:1,1
DA:3,1
DA:4,2
DA:5,2
DA:6,2
DA:7,1
DA:9,1
DA:13,1
DA:14,2
DA:15,2
DA:16,2
DA:17,1
DA:19,1
DA:23,1
DA:24,1
DA:26,1
DA:29,1
DA:30,2
DA:31,2
DA:32,2
DA:33,1
DA:35,1
DA:39,1
DA:40,2
DA:41,2
DA:42,2
DA:43,1
DA:45,1
DA:49,1
LF:29
LH:29
BRDA:6,0,0,1
BRDA:6,0,1,1
BRDA:16,1,0,1
BRDA:16,1,1,1
BRDA:32,2,0,1
BRDA:32,2,1,1
BRDA:42,3,0,1
BRDA:42,3,1,1
BRF:8
BRH:8
end_of_record
TN:
SF:src/controllers/csvExtractor.js
FN:4,(anonymous_0)
FN:21,(anonymous_1)
FNF:2
FNH:1
FNDA:2,(anonymous_0)
FNDA:0,(anonymous_1)
DA:1,1
DA:2,1
DA:4,1
DA:5,2
DA:6,2
DA:7,2
DA:8,1
DA:9,1
DA:10,1
DA:11,1
DA:12,0
DA:13,0
DA:15,0
DA:16,0
DA:19,0
DA:21,1
DA:22,0
DA:23,0
DA:26,1
DA:28,1
DA:29,1
DA:33,1
LF:22
LH:15
BRDA:22,0,0,0
BRDA:22,0,1,0
BRF:2
BRH:0
end_of_record
TN:
SF:src/controllers/sector.js
FN:3,(anonymous_0)
FNF:1
FNH:1
FNDA:2,(anonymous_0)
DA:1,1
DA:3,1
DA:4,2
DA:5,2
DA:6,2
DA:7,1
DA:9,1
DA:13,1
LF:8
LH:8
BRDA:6,0,0,1
BRDA:6,0,1,1
BRF:2
BRH:2
end_of_record
TN:
SF:src/middleware/validator.js
FN:17,(anonymous_0)
FNF:1
FNH:1
FNDA:3,(anonymous_0)
DA:1,1
DA:3,1
DA:9,1
DA:13,1
DA:17,1
DA:18,3
DA:19,1
DA:20,1
DA:21,1
DA:25,0
DA:26,2
DA:27,1
DA:28,1
DA:29,1
DA:33,0
DA:35,1
DA:36,1
DA:37,1
DA:41,0
DA:45,1
LF:20
LH:17
BRDA:18,0,0,1
BRDA:18,0,1,2
BRDA:20,1,0,1
BRDA:20,1,1,0
BRDA:26,2,0,1
BRDA:26,2,1,1
BRDA:28,3,0,1
BRDA:28,3,1,0
BRDA:36,4,0,1
BRDA:36,4,1,0
BRF:10
BRH:7
end_of_record
TN:
SF:src/services/company.js
FN:7,(anonymous_0)
FN:12,(anonymous_1)
FN:13,(anonymous_2)
FN:32,(anonymous_3)
FN:33,(anonymous_4)
FN:62,(anonymous_5)
FN:71,(anonymous_6)
FNF:7
FNH:5
FNDA:1,(anonymous_0)
FNDA:1,(anonymous_1)
FNDA:0,(anonymous_2)
FNDA:1,(anonymous_3)
FNDA:0,(anonymous_4)
FNDA:1,(anonymous_5)
FNDA:1,(anonymous_6)
DA:1,2
DA:2,2
DA:3,2
DA:5,2
DA:7,2
DA:8,1
DA:9,1
DA:12,2
DA:13,1
DA:14,0
DA:15,0
DA:16,0
DA:17,0
DA:18,0
DA:19,0
DA:20,0
DA:21,0
DA:22,0
DA:23,0
DA:27,0
DA:29,1
DA:32,2
DA:33,1
DA:34,0
DA:35,0
DA:36,0
DA:37,0
DA:38,0
DA:39,0
DA:40,0
DA:41,0
DA:42,0
DA:44,0
DA:45,0
DA:46,0
DA:47,0
DA:49,0
DA:50,0
DA:57,0
DA:59,1
DA:62,2
DA:71,2
DA:77,2
LF:43
LH:16
BRDA:14,0,0,0
BRDA:14,0,1,0
BRDA:20,1,0,0
BRDA:20,1,1,0
BRDA:34,2,0,0
BRDA:34,2,1,0
BRDA:40,3,0,0
BRDA:40,3,1,0
BRF:8
BRH:0
end_of_record
TN:
SF:src/services/csvExtractor.js
FN:3,(anonymous_0)
FNF:1
FNH:1
FNDA:1,(anonymous_0)
DA:1,2
DA:3,2
DA:4,1
DA:5,1
DA:8,2
LF:5
LH:5
BRF:0
BRH:0
end_of_record
TN:
SF:src/services/sector.js
FN:3,(anonymous_0)
FNF:1
FNH:1
FNDA:1,(anonymous_0)
DA:1,2
DA:3,2
DA:4,1
DA:5,1
DA:6,1
DA:9,2
LF:6
LH:6
BRF:0
BRH:0
end_of_record
